app/build/intermediates/manifest_merge_blame_file/debug/manifest-merger-blame-debug-report.txt
1<?xml version="1.0" encoding="utf-8"?>
2<manifest xmlns:android="http://schemas.android.com/apk/res/android"
3    package="school.cesar.mobileav1"
4    android:versionCode="1"
5    android:versionName="1.0" >
6
7    <uses-sdk
8        android:minSdkVersion="25"
8-->src/main/AndroidManifest.xml
9        android:targetSdkVersion="30" />
9-->src/main/AndroidManifest.xml
10
11    <application
11-->src/main/AndroidManifest.xml:5:5-20:19
12        android:allowBackup="true"
12-->src/main/AndroidManifest.xml:6:9-35
13        android:appComponentFactory="androidx.core.app.CoreComponentFactory"
13-->[androidx.core:core:1.3.2] AndroidManifest.xml:24:18-86
14        android:debuggable="true"
15        android:extractNativeLibs="false"
16        android:icon="@mipmap/ic_launcher"
16-->src/main/AndroidManifest.xml:7:9-43
17        android:label="@string/app_name"
17-->src/main/AndroidManifest.xml:8:9-41
18        android:roundIcon="@mipmap/ic_launcher_round"
18-->src/main/AndroidManifest.xml:9:9-54
19        android:supportsRtl="true"
19-->src/main/AndroidManifest.xml:10:9-35
20        android:testOnly="true"
21        android:theme="@style/Theme.Mobileav1" >
21-->src/main/AndroidManifest.xml:11:9-47
22        <activity android:name="school.cesar.mobileav1.DeleteActivity" />
22-->src/main/AndroidManifest.xml:12:9-61
22-->src/main/AndroidManifest.xml:12:19-49
23        <activity android:name="school.cesar.mobileav1.RegisterFruitActivity" />
23-->src/main/AndroidManifest.xml:13:9-59
23-->src/main/AndroidManifest.xml:13:19-56
24        <activity
24-->src/main/AndroidManifest.xml:14:9-19:20
25            android:name="school.cesar.mobileav1.MainActivity"
25-->src/main/AndroidManifest.xml:14:19-47
26            android:configChanges="keyboardHidden|orientation|screenSize" >
26-->src/main/AndroidManifest.xml:14:48-109
27            <intent-filter>
27-->src/main/AndroidManifest.xml:15:13-18:29
28                <action android:name="android.intent.action.MAIN" />
28-->src/main/AndroidManifest.xml:16:17-69
28-->src/main/AndroidManifest.xml:16:25-66
29
30                <category android:name="android.intent.category.LAUNCHER" />
30-->src/main/AndroidManifest.xml:17:17-77
30-->src/main/AndroidManifest.xml:17:27-74
31            </intent-filter>
32        </activity>
33    </application>
34
35</manifest>